0 info it worked if it ends with ok
1 verbose cli [ 'C:\\Program Files\\nodejs\\node.exe',
1 verbose cli   'C:\\Program Files\\nodejs\\node_modules\\npm\\bin\\npm-cli.js',
1 verbose cli   'start' ]
2 info using npm@3.7.3
3 info using node@v5.9.1
4 verbose run-script [ 'prestart', 'start', 'poststart' ]
5 info lifecycle hikingworld@1.0.0~prestart: hikingworld@1.0.0
6 silly lifecycle hikingworld@1.0.0~prestart: no script for prestart, continuing
7 info lifecycle hikingworld@1.0.0~start: hikingworld@1.0.0
8 verbose lifecycle hikingworld@1.0.0~start: unsafe-perm in lifecycle true
9 verbose lifecycle hikingworld@1.0.0~start: PATH: C:\Program Files\nodejs\node_modules\npm\bin\node-gyp-bin;C:\Users\Whitechapel\Desktop\hikingworld\hikingworld\node_modules\.bin;C:\Program Files\nodejs;C:\Users\Whitechapel\bin;C:\Program Files\Git\mingw64\bin;C:\Program Files\Git\usr\local\bin;C:\Program Files\Git\usr\bin;C:\Program Files\Git\usr\bin;C:\Program Files\Git\mingw64\bin;C:\Program Files\Git\usr\bin;C:\Users\Whitechapel\bin;C:\ProgramData\Oracle\Java\javapath;C:\Program Files (x86)\OpenSSH\bin;C:\Program Files\nodejs;C:\Users\Whitechapel\AppData\Local\Programs\Python\Python35-32\Scripts;C:\Users\Whitechapel\AppData\Local\Programs\Python\Python35-32;C:\Program Files\MongoDB\Server\3.0\bin;C:\Program Files (x86)\Mozilla Firefox;C:\Program Files\MySQL\MySQL Server 5.7\bin;C:\bin;C:\Program Files\Java\jdk1.8.0_65\bin;C:\Program Files\Java\jre1.8.0_73\bin;C:\Program Files\Git\usr\bin;C:\php;C:\Users\Whitechapel\Projects\apache-ant-1.9.6\bin;C:\Users\Whitechapel\Projects\apache-maven-3.3.9\bin;C:\Windows\System32;C:\Program Files\nodejs\node_modules\npm\bin;C:\Program Files\nodejs;C:\Users\Whitechapel\AppData\Roaming\npm;C:\Program Files\Sublime Text 2;C:\Program Files\Git\usr\bin\vendor_perl;C:\Program Files\Git\usr\bin\core_perl
10 verbose lifecycle hikingworld@1.0.0~start: CWD: C:\Users\Whitechapel\Desktop\hikingworld\hikingworld
11 silly lifecycle hikingworld@1.0.0~start: Args: [ '/d /s /c', 'node ./src/server/index.js' ]
12 silly lifecycle hikingworld@1.0.0~start: Returned: code: 1  signal: null
13 info lifecycle hikingworld@1.0.0~start: Failed to exec start script
14 verbose stack Error: hikingworld@1.0.0 start: `node ./src/server/index.js`
14 verbose stack Exit status 1
14 verbose stack     at EventEmitter.<anonymous> (C:\Program Files\nodejs\node_modules\npm\lib\utils\lifecycle.js:239:16)
14 verbose stack     at emitTwo (events.js:100:13)
14 verbose stack     at EventEmitter.emit (events.js:185:7)
14 verbose stack     at ChildProcess.<anonymous> (C:\Program Files\nodejs\node_modules\npm\lib\utils\spawn.js:24:14)
14 verbose stack     at emitTwo (events.js:100:13)
14 verbose stack     at ChildProcess.emit (events.js:185:7)
14 verbose stack     at maybeClose (internal/child_process.js:850:16)
14 verbose stack     at Process.ChildProcess._handle.onexit (internal/child_process.js:215:5)
15 verbose pkgid hikingworld@1.0.0
16 verbose cwd C:\Users\Whitechapel\Desktop\hikingworld\hikingworld
17 error Windows_NT 10.0.10586
18 error argv "C:\\Program Files\\nodejs\\node.exe" "C:\\Program Files\\nodejs\\node_modules\\npm\\bin\\npm-cli.js" "start"
19 error node v5.9.1
20 error npm  v3.7.3
21 error code ELIFECYCLE
22 error hikingworld@1.0.0 start: `node ./src/server/index.js`
22 error Exit status 1
23 error Failed at the hikingworld@1.0.0 start script 'node ./src/server/index.js'.
23 error Make sure you have the latest version of node.js and npm installed.
23 error If you do, this is most likely a problem with the hikingworld package,
23 error not with npm itself.
23 error Tell the author that this fails on your system:
23 error     node ./src/server/index.js
23 error You can get information on how to open an issue for this project with:
23 error     npm bugs hikingworld
23 error Or if that isn't available, you can get their info via:
23 error     npm owner ls hikingworld
23 error There is likely additional logging output above.
24 verbose exit [ 1, true ]
